<?xml version="1.0" encoding="UTF-8"?>
<testng-results skipped="0" failed="0" ignored="0" total="1" passed="1">
  <reporter-output>
  </reporter-output>
  <suite name="Default suite" duration-ms="3340" started-at="2019-06-07T11:54:58Z" finished-at="2019-06-07T11:55:02Z">
    <groups>
    </groups>
    <test name="Default test" duration-ms="3340" started-at="2019-06-07T11:54:58Z" finished-at="2019-06-07T11:55:02Z">
      <class name="LeapScalePractice.LeapScalePractice.DriverNew">
        <test-method status="PASS" signature="launchBrowser()[pri:0, instance:LeapScalePractice.LeapScalePractice.DriverNew@1794d431]" name="launchBrowser" duration-ms="3322" started-at="2019-06-07T17:24:58Z" finished-at="2019-06-07T17:25:02Z">
          <reporter-output>
          </reporter-output>
        </test-method> <!-- launchBrowser -->
      </class> <!-- LeapScalePractice.LeapScalePractice.DriverNew -->
    </test> <!-- Default test -->
  </suite> <!-- Default suite -->
</testng-results>
